<?xml version="1.0" encoding="UTF-8"?>
<testng-results skipped="0" failed="2" ignored="0" total="2" passed="0">
  <reporter-output>
  </reporter-output>
  <suite name="Default suite" duration-ms="77708" started-at="2018-04-21T06:00:02Z" finished-at="2018-04-21T06:01:20Z">
    <groups>
    </groups>
    <test name="Default test" duration-ms="77708" started-at="2018-04-21T06:00:02Z" finished-at="2018-04-21T06:01:20Z">
      <class name="testcases.CreateLeadTest">
        <test-method status="PASS" signature="beforeSuite()[pri:0, instance:testcases.CreateLeadTest@1f5b51f]" name="beforeSuite" is-config="true" duration-ms="432" started-at="2018-04-21T11:30:02Z" finished-at="2018-04-21T11:30:02Z">
          <reporter-output>
          </reporter-output>
        </test-method> <!-- beforeSuite -->
        <test-method status="PASS" signature="setdata()[pri:0, instance:testcases.CreateLeadTest@1f5b51f]" name="setdata" is-config="true" duration-ms="0" started-at="2018-04-21T11:30:02Z" finished-at="2018-04-21T11:30:02Z">
          <reporter-output>
          </reporter-output>
        </test-method> <!-- setdata -->
        <test-method status="PASS" signature="beforeClass()[pri:0, instance:testcases.CreateLeadTest@1f5b51f]" name="beforeClass" is-config="true" duration-ms="1" started-at="2018-04-21T11:30:02Z" finished-at="2018-04-21T11:30:02Z">
          <reporter-output>
          </reporter-output>
        </test-method> <!-- beforeClass -->
        <test-method status="PASS" signature="beforeMethod()[pri:0, instance:testcases.CreateLeadTest@1f5b51f]" name="beforeMethod" is-config="true" duration-ms="12949" started-at="2018-04-21T11:30:03Z" finished-at="2018-04-21T11:30:16Z">
          <reporter-output>
          </reporter-output>
        </test-method> <!-- beforeMethod -->
        <test-method status="FAIL" signature="createlead(java.lang.String, java.lang.String, java.lang.String, java.lang.String, java.lang.String)[pri:0, instance:testcases.CreateLeadTest@1f5b51f]" name="createlead" duration-ms="31245" started-at="2018-04-21T11:30:16Z" data-provider="fetchData" finished-at="2018-04-21T11:30:47Z">
          <params>
            <param index="0">
              <value>
                <![CDATA[DemoSalesManager]]>
              </value>
            </param>
            <param index="1">
              <value>
                <![CDATA[crmsfa]]>
              </value>
            </param>
            <param index="2">
              <value>
                <![CDATA[SKPR Softwar]]>
              </value>
            </param>
            <param index="3">
              <value>
                <![CDATA[kani prabhu ]]>
              </value>
            </param>
            <param index="4">
              <value>
                <![CDATA[s]]>
              </value>
            </param>
          </params>
          <exception class="java.lang.RuntimeException">
            <full-stacktrace>
              <![CDATA[java.lang.RuntimeException
	at utils.Reporter.reportStep(Reporter.java:60)
	at utils.Reporter.reportStep(Reporter.java:70)
	at wdMethods.SeMethods.type(SeMethods.java:120)
	at pages.CreateLead.typeCname(CreateLead.java:19)
	at testcases.CreateLeadTest.createlead(CreateLeadTest.java:43)
	at sun.reflect.NativeMethodAccessorImpl.invoke0(Native Method)
	at sun.reflect.NativeMethodAccessorImpl.invoke(NativeMethodAccessorImpl.java:62)
	at sun.reflect.DelegatingMethodAccessorImpl.invoke(DelegatingMethodAccessorImpl.java:43)
	at java.lang.reflect.Method.invoke(Method.java:498)
	at org.testng.internal.MethodInvocationHelper.invokeMethod(MethodInvocationHelper.java:104)
	at org.testng.internal.Invoker.invokeMethod(Invoker.java:645)
	at org.testng.internal.Invoker.invokeTestMethod(Invoker.java:851)
	at org.testng.internal.Invoker.invokeTestMethods(Invoker.java:1177)
	at org.testng.internal.TestMethodWorker.invokeTestMethods(TestMethodWorker.java:129)
	at org.testng.internal.TestMethodWorker.run(TestMethodWorker.java:112)
	at org.testng.TestRunner.privateRun(TestRunner.java:756)
	at org.testng.TestRunner.run(TestRunner.java:610)
	at org.testng.SuiteRunner.runTest(SuiteRunner.java:387)
	at org.testng.SuiteRunner.runSequentially(SuiteRunner.java:382)
	at org.testng.SuiteRunner.privateRun(SuiteRunner.java:340)
	at org.testng.SuiteRunner.run(SuiteRunner.java:289)
	at org.testng.SuiteRunnerWorker.runSuite(SuiteRunnerWorker.java:52)
	at org.testng.SuiteRunnerWorker.run(SuiteRunnerWorker.java:86)
	at org.testng.TestNG.runSuitesSequentially(TestNG.java:1293)
	at org.testng.TestNG.runSuitesLocally(TestNG.java:1218)
	at org.testng.TestNG.runSuites(TestNG.java:1133)
	at org.testng.TestNG.run(TestNG.java:1104)
	at org.testng.remote.AbstractRemoteTestNG.run(AbstractRemoteTestNG.java:114)
	at org.testng.remote.RemoteTestNG.initAndRun(RemoteTestNG.java:251)
	at org.testng.remote.RemoteTestNG.main(RemoteTestNG.java:77)
]]>
            </full-stacktrace>
          </exception> <!-- java.lang.RuntimeException -->
          <reporter-output>
          </reporter-output>
        </test-method> <!-- createlead -->
        <test-method status="PASS" signature="afterMethod()[pri:0, instance:testcases.CreateLeadTest@1f5b51f]" name="afterMethod" is-config="true" duration-ms="624" started-at="2018-04-21T11:30:47Z" finished-at="2018-04-21T11:30:48Z">
          <reporter-output>
          </reporter-output>
        </test-method> <!-- afterMethod -->
        <test-method status="PASS" signature="beforeMethod()[pri:0, instance:testcases.CreateLeadTest@1f5b51f]" name="beforeMethod" is-config="true" duration-ms="6188" started-at="2018-04-21T11:30:48Z" finished-at="2018-04-21T11:30:54Z">
          <reporter-output>
          </reporter-output>
        </test-method> <!-- beforeMethod -->
        <test-method status="FAIL" signature="createlead(java.lang.String, java.lang.String, java.lang.String, java.lang.String, java.lang.String)[pri:0, instance:testcases.CreateLeadTest@1f5b51f]" name="createlead" duration-ms="24674" started-at="2018-04-21T11:30:54Z" data-provider="fetchData" finished-at="2018-04-21T11:31:19Z">
          <params>
            <param index="0">
              <value>
                <![CDATA[DemoSalesManager]]>
              </value>
            </param>
            <param index="1">
              <value>
                <![CDATA[crmsfa]]>
              </value>
            </param>
            <param index="2">
              <value>
                <![CDATA[KANI  Softwar]]>
              </value>
            </param>
            <param index="3">
              <value>
                <![CDATA[Prabu]]>
              </value>
            </param>
            <param index="4">
              <value>
                <![CDATA[s]]>
              </value>
            </param>
          </params>
          <exception class="java.lang.NullPointerException">
            <full-stacktrace>
              <![CDATA[java.lang.NullPointerException
	at sun.reflect.NativeMethodAccessorImpl.invoke0(Native Method)
	at sun.reflect.NativeMethodAccessorImpl.invoke(NativeMethodAccessorImpl.java:62)
	at sun.reflect.DelegatingMethodAccessorImpl.invoke(DelegatingMethodAccessorImpl.java:43)
	at java.lang.reflect.Method.invoke(Method.java:498)
	at org.openqa.selenium.support.pagefactory.internal.LocatingElementHandler.invoke(LocatingElementHandler.java:51)
	at com.sun.proxy.$Proxy15.toString(Unknown Source)
	at java.lang.String.valueOf(String.java:2994)
	at java.lang.StringBuilder.append(StringBuilder.java:131)
	at wdMethods.SeMethods.type(SeMethods.java:120)
	at pages.CreateLead.typeCname(CreateLead.java:19)
	at testcases.CreateLeadTest.createlead(CreateLeadTest.java:43)
	at sun.reflect.NativeMethodAccessorImpl.invoke0(Native Method)
	at sun.reflect.NativeMethodAccessorImpl.invoke(NativeMethodAccessorImpl.java:62)
	at sun.reflect.DelegatingMethodAccessorImpl.invoke(DelegatingMethodAccessorImpl.java:43)
	at java.lang.reflect.Method.invoke(Method.java:498)
	at org.testng.internal.MethodInvocationHelper.invokeMethod(MethodInvocationHelper.java:104)
	at org.testng.internal.Invoker.invokeMethod(Invoker.java:645)
	at org.testng.internal.Invoker.invokeTestMethod(Invoker.java:851)
	at org.testng.internal.Invoker.invokeTestMethods(Invoker.java:1177)
	at org.testng.internal.TestMethodWorker.invokeTestMethods(TestMethodWorker.java:129)
	at org.testng.internal.TestMethodWorker.run(TestMethodWorker.java:112)
	at org.testng.TestRunner.privateRun(TestRunner.java:756)
	at org.testng.TestRunner.run(TestRunner.java:610)
	at org.testng.SuiteRunner.runTest(SuiteRunner.java:387)
	at org.testng.SuiteRunner.runSequentially(SuiteRunner.java:382)
	at org.testng.SuiteRunner.privateRun(SuiteRunner.java:340)
	at org.testng.SuiteRunner.run(SuiteRunner.java:289)
	at org.testng.SuiteRunnerWorker.runSuite(SuiteRunnerWorker.java:52)
	at org.testng.SuiteRunnerWorker.run(SuiteRunnerWorker.java:86)
	at org.testng.TestNG.runSuitesSequentially(TestNG.java:1293)
	at org.testng.TestNG.runSuitesLocally(TestNG.java:1218)
	at org.testng.TestNG.runSuites(TestNG.java:1133)
	at org.testng.TestNG.run(TestNG.java:1104)
	at org.testng.remote.AbstractRemoteTestNG.run(AbstractRemoteTestNG.java:114)
	at org.testng.remote.RemoteTestNG.initAndRun(RemoteTestNG.java:251)
	at org.testng.remote.RemoteTestNG.main(RemoteTestNG.java:77)
]]>
            </full-stacktrace>
          </exception> <!-- java.lang.NullPointerException -->
          <reporter-output>
          </reporter-output>
        </test-method> <!-- createlead -->
        <test-method status="PASS" signature="afterMethod()[pri:0, instance:testcases.CreateLeadTest@1f5b51f]" name="afterMethod" is-config="true" duration-ms="889" started-at="2018-04-21T11:31:19Z" finished-at="2018-04-21T11:31:20Z">
          <reporter-output>
          </reporter-output>
        </test-method> <!-- afterMethod -->
        <test-method status="PASS" signature="afterTest()[pri:0, instance:testcases.CreateLeadTest@1f5b51f]" name="afterTest" is-config="true" duration-ms="0" started-at="2018-04-21T11:31:20Z" finished-at="2018-04-21T11:31:20Z">
          <reporter-output>
          </reporter-output>
        </test-method> <!-- afterTest -->
        <test-method status="PASS" signature="afterSuite()[pri:0, instance:testcases.CreateLeadTest@1f5b51f]" name="afterSuite" is-config="true" duration-ms="301" started-at="2018-04-21T11:31:20Z" finished-at="2018-04-21T11:31:20Z">
          <reporter-output>
          </reporter-output>
        </test-method> <!-- afterSuite -->
      </class> <!-- testcases.CreateLeadTest -->
    </test> <!-- Default test -->
  </suite> <!-- Default suite -->
</testng-results>
