<?xml version="1.0" encoding="UTF-8"?>
<testng-results skipped="0" failed="0" ignored="0" total="2" passed="2">
  <reporter-output>
  </reporter-output>
  <suite name="Default suite" duration-ms="21900" started-at="2018-04-16T07:14:35Z" finished-at="2018-04-16T07:14:57Z">
    <groups>
    </groups>
    <test name="Default test" duration-ms="21900" started-at="2018-04-16T07:14:35Z" finished-at="2018-04-16T07:14:57Z">
      <class name="testcases.TC001_LoginAndLogout">
        <test-method status="PASS" signature="beforeSuite()[pri:0, instance:testcases.TC001_LoginAndLogout@1bbe1b6]" name="beforeSuite" is-config="true" duration-ms="151" started-at="2018-04-16T12:44:35Z" finished-at="2018-04-16T12:44:35Z">
          <reporter-output>
          </reporter-output>
        </test-method> <!-- beforeSuite -->
        <test-method status="PASS" signature="setData()[pri:0, instance:testcases.TC001_LoginAndLogout@1bbe1b6]" name="setData" is-config="true" duration-ms="0" started-at="2018-04-16T12:44:35Z" finished-at="2018-04-16T12:44:35Z">
          <reporter-output>
          </reporter-output>
        </test-method> <!-- setData -->
        <test-method status="PASS" signature="beforeClass()[pri:0, instance:testcases.TC001_LoginAndLogout@1bbe1b6]" name="beforeClass" is-config="true" duration-ms="3" started-at="2018-04-16T12:44:35Z" finished-at="2018-04-16T12:44:35Z">
          <reporter-output>
          </reporter-output>
        </test-method> <!-- beforeClass -->
        <test-method status="PASS" signature="beforeMethod()[pri:0, instance:testcases.TC001_LoginAndLogout@1bbe1b6]" name="beforeMethod" is-config="true" duration-ms="9225" started-at="2018-04-16T12:44:36Z" finished-at="2018-04-16T12:44:45Z">
          <reporter-output>
          </reporter-output>
        </test-method> <!-- beforeMethod -->
        <test-method status="PASS" signature="loginAndLogout(java.lang.String, java.lang.String, java.lang.String)[pri:0, instance:testcases.TC001_LoginAndLogout@1bbe1b6]" name="loginAndLogout" duration-ms="2977" started-at="2018-04-16T12:44:45Z" data-provider="fetchData" finished-at="2018-04-16T12:44:48Z">
          <params>
            <param index="0">
              <value>
                <![CDATA[DemoSalesManager]]>
              </value>
            </param>
            <param index="1">
              <value>
                <![CDATA[crmsfa]]>
              </value>
            </param>
            <param index="2">
              <value>
                <![CDATA[Demo Sales Manager]]>
              </value>
            </param>
          </params>
          <reporter-output>
          </reporter-output>
        </test-method> <!-- loginAndLogout -->
        <test-method status="PASS" signature="afterMethod()[pri:0, instance:testcases.TC001_LoginAndLogout@1bbe1b6]" name="afterMethod" is-config="true" duration-ms="601" started-at="2018-04-16T12:44:48Z" finished-at="2018-04-16T12:44:49Z">
          <reporter-output>
          </reporter-output>
        </test-method> <!-- afterMethod -->
        <test-method status="PASS" signature="beforeMethod()[pri:0, instance:testcases.TC001_LoginAndLogout@1bbe1b6]" name="beforeMethod" is-config="true" duration-ms="4956" started-at="2018-04-16T12:44:49Z" finished-at="2018-04-16T12:44:53Z">
          <reporter-output>
          </reporter-output>
        </test-method> <!-- beforeMethod -->
        <test-method status="PASS" signature="loginAndLogout(java.lang.String, java.lang.String, java.lang.String)[pri:0, instance:testcases.TC001_LoginAndLogout@1bbe1b6]" name="loginAndLogout" duration-ms="2903" started-at="2018-04-16T12:44:53Z" data-provider="fetchData" finished-at="2018-04-16T12:44:56Z">
          <params>
            <param index="0">
              <value>
                <![CDATA[DemoCSR]]>
              </value>
            </param>
            <param index="1">
              <value>
                <![CDATA[crmsfa]]>
              </value>
            </param>
            <param index="2">
              <value>
                <![CDATA[Demo B2B CSR]]>
              </value>
            </param>
          </params>
          <reporter-output>
          </reporter-output>
        </test-method> <!-- loginAndLogout -->
        <test-method status="PASS" signature="afterMethod()[pri:0, instance:testcases.TC001_LoginAndLogout@1bbe1b6]" name="afterMethod" is-config="true" duration-ms="616" started-at="2018-04-16T12:44:56Z" finished-at="2018-04-16T12:44:57Z">
          <reporter-output>
          </reporter-output>
        </test-method> <!-- afterMethod -->
        <test-method status="PASS" signature="afterTest()[pri:0, instance:testcases.TC001_LoginAndLogout@1bbe1b6]" name="afterTest" is-config="true" duration-ms="0" started-at="2018-04-16T12:44:57Z" finished-at="2018-04-16T12:44:57Z">
          <reporter-output>
          </reporter-output>
        </test-method> <!-- afterTest -->
        <test-method status="PASS" signature="afterSuite()[pri:0, instance:testcases.TC001_LoginAndLogout@1bbe1b6]" name="afterSuite" is-config="true" duration-ms="244" started-at="2018-04-16T12:44:57Z" finished-at="2018-04-16T12:44:57Z">
          <reporter-output>
          </reporter-output>
        </test-method> <!-- afterSuite -->
      </class> <!-- testcases.TC001_LoginAndLogout -->
    </test> <!-- Default test -->
  </suite> <!-- Default suite -->
</testng-results>
